# JRE version: Java(TM) SE Runtime Environment (7.0_71-b14) (build 1.7.0_71-b14)
# Java VM: Java HotSpot(TM) 64-Bit Server VM (24.71-b01 mixed mode windows-amd64 compressed oops)
Heap
 PSYoungGen      total 531456K, used 197K [0x00000007d5500000, 0x00000007fb680000, 0x0000000800000000)
  eden space 457216K, 0% used [0x00000007d5500000,0x00000007d5531760,0x00000007f1380000)
  from space 74240K, 0% used [0x00000007f6e00000,0x00000007f6e00000,0x00000007fb680000)
  to   space 83456K, 0% used [0x00000007f1380000,0x00000007f1380000,0x00000007f6500000)
 ParOldGen       total 1397760K, used 220975K [0x0000000780000000, 0x00000007d5500000, 0x00000007d5500000)
  object space 1397760K, 15% used [0x0000000780000000,0x000000078d7cbf58,0x00000007d5500000)
 PSPermGen       total 524288K, used 524286K [0x0000000760000000, 0x0000000780000000, 0x0000000780000000)
  object space 524288K, 99% used [0x0000000760000000,0x000000077ffff8d8,0x0000000780000000)
GC Heap History (10 events):
Event: 10230.429 GC heap before
{Heap before GC invocations=95 (full 3):
 PSYoungGen      total 540672K, used 6698K [0x00000007d5500000, 0x00000007fe400000, 0x0000000800000000)
  eden space 453632K, 0% used [0x00000007d5500000,0x00000007d5500000,0x00000007f1000000)
  from space 87040K, 7% used [0x00000007f6400000,0x00000007f6a8ab60,0x00000007fb900000)
  to   space 86016K, 0% used [0x00000007f1000000,0x00000007f1000000,0x00000007f6400000)
 ParOldGen       total 699392K, used 257310K [0x0000000780000000, 0x00000007aab00000, 0x00000007d5500000)
  object space 699392K, 36% used [0x0000000780000000,0x000000078fb47a28,0x00000007aab00000)
 PSPermGen       total 524288K, used 524282K [0x0000000760000000, 0x0000000780000000, 0x0000000780000000)
  object space 524288K, 99% used [0x0000000760000000,0x000000077fffe968,0x0000000780000000)
Event: 10232.541 GC heap after
Heap after GC invocations=95 (full 3):
 PSYoungGen      total 540672K, used 0K [0x00000007d5500000, 0x00000007fe400000, 0x0000000800000000)
  eden space 453632K, 0% used [0x00000007d5500000,0x00000007d5500000,0x00000007f1000000)
  from space 87040K, 0% used [0x00000007f6400000,0x00000007f6400000,0x00000007fb900000)
  to   space 86016K, 0% used [0x00000007f1000000,0x00000007f1000000,0x00000007f6400000)
 ParOldGen       total 845312K, used 229728K [0x0000000780000000, 0x00000007b3980000, 0x00000007d5500000)
  object space 845312K, 27% used [0x0000000780000000,0x000000078e0580c0,0x00000007b3980000)
 PSPermGen       total 524288K, used 523316K [0x0000000760000000, 0x0000000780000000, 0x0000000780000000)
  object space 524288K, 99% used [0x0000000760000000,0x000000077ff0d110,0x0000000780000000)
}
Event: 10232.687 GC heap before
{Heap before GC invocations=96 (full 3):
 PSYoungGen      total 540672K, used 8830K [0x00000007d5500000, 0x00000007fe400000, 0x0000000800000000)
  eden space 453632K, 1% used [0x00000007d5500000,0x00000007d5d9fa00,0x00000007f1000000)
  from space 87040K, 0% used [0x00000007f6400000,0x00000007f6400000,0x00000007fb900000)
  to   space 86016K, 0% used [0x00000007f1000000,0x00000007f1000000,0x00000007f6400000)
 ParOldGen       total 845312K, used 229728K [0x0000000780000000, 0x00000007b3980000, 0x00000007d5500000)
  object space 845312K, 27% used [0x0000000780000000,0x000000078e0580c0,0x00000007b3980000)
 PSPermGen       total 524288K, used 524286K [0x0000000760000000, 0x0000000780000000, 0x0000000780000000)
  object space 524288K, 99% used [0x0000000760000000,0x000000077ffff8d8,0x0000000780000000)
Event: 10232.704 GC heap after
Heap after GC invocations=96 (full 3):
 PSYoungGen      total 539648K, used 256K [0x00000007d5500000, 0x00000007fc100000, 0x0000000800000000)
  eden space 453632K, 0% used [0x00000007d5500000,0x00000007d5500000,0x00000007f1000000)
  from space 86016K, 0% used [0x00000007f1000000,0x00000007f1040000,0x00000007f6400000)
  to   space 84992K, 0% used [0x00000007f6e00000,0x00000007f6e00000,0x00000007fc100000)
 ParOldGen       total 845312K, used 229728K [0x0000000780000000, 0x00000007b3980000, 0x00000007d5500000)
  object space 845312K, 27% used [0x0000000780000000,0x000000078e0580c0,0x00000007b3980000)
 PSPermGen       total 524288K, used 524286K [0x0000000760000000, 0x0000000780000000, 0x0000000780000000)
  object space 524288K, 99% used [0x0000000760000000,0x000000077ffff8d8,0x0000000780000000)
}
Event: 10232.704 GC heap before
{Heap before GC invocations=97 (full 4):
 PSYoungGen      total 539648K, used 256K [0x00000007d5500000, 0x00000007fc100000, 0x0000000800000000)
  eden space 453632K, 0% used [0x00000007d5500000,0x00000007d5500000,0x00000007f1000000)
  from space 86016K, 0% used [0x00000007f1000000,0x00000007f1040000,0x00000007f6400000)
  to   space 84992K, 0% used [0x00000007f6e00000,0x00000007f6e00000,0x00000007fc100000)
 ParOldGen       total 845312K, used 229728K [0x0000000780000000, 0x00000007b3980000, 0x00000007d5500000)
  object space 845312K, 27% used [0x0000000780000000,0x000000078e0580c0,0x00000007b3980000)
 PSPermGen       total 524288K, used 524286K [0x0000000760000000, 0x0000000780000000, 0x0000000780000000)
  object space 524288K, 99% used [0x0000000760000000,0x000000077ffff8d8,0x0000000780000000)
Event: 10233.614 GC heap after
Heap after GC invocations=97 (full 4):
 PSYoungGen      total 539648K, used 0K [0x00000007d5500000, 0x00000007fc100000, 0x0000000800000000)
  eden space 453632K, 0% used [0x00000007d5500000,0x00000007d5500000,0x00000007f1000000)
  from space 86016K, 0% used [0x00000007f1000000,0x00000007f1000000,0x00000007f6400000)
  to   space 84992K, 0% used [0x00000007f6e00000,0x00000007f6e00000,0x00000007fc100000)
 ParOldGen       total 1197056K, used 228311K [0x0000000780000000, 0x00000007c9100000, 0x00000007d5500000)
  object space 1197056K, 19% used [0x0000000780000000,0x000000078def5f70,0x00000007c9100000)
 PSPermGen       total 524288K, used 524286K [0x0000000760000000, 0x0000000780000000, 0x0000000780000000)
  object space 524288K, 99% used [0x0000000760000000,0x000000077ffff8d8,0x0000000780000000)
}
Event: 10233.614 GC heap before
{Heap before GC invocations=98 (full 4):
 PSYoungGen      total 539648K, used 0K [0x00000007d5500000, 0x00000007fc100000, 0x0000000800000000)
  eden space 453632K, 0% used [0x00000007d5500000,0x00000007d5500000,0x00000007f1000000)
  from space 86016K, 0% used [0x00000007f1000000,0x00000007f1000000,0x00000007f6400000)
  to   space 84992K, 0% used [0x00000007f6e00000,0x00000007f6e00000,0x00000007fc100000)
 ParOldGen       total 1197056K, used 228311K [0x0000000780000000, 0x00000007c9100000, 0x00000007d5500000)
  object space 1197056K, 19% used [0x0000000780000000,0x000000078def5f70,0x00000007c9100000)
 PSPermGen       total 524288K, used 524286K [0x0000000760000000, 0x0000000780000000, 0x0000000780000000)
  object space 524288K, 99% used [0x0000000760000000,0x000000077ffff8d8,0x0000000780000000)
Event: 10233.631 GC heap after
Heap after GC invocations=98 (full 4):
 PSYoungGen      total 531456K, used 0K [0x00000007d5500000, 0x00000007fb680000, 0x0000000800000000)
  eden space 457216K, 0% used [0x00000007d5500000,0x00000007d5500000,0x00000007f1380000)
  from space 74240K, 0% used [0x00000007f6e00000,0x00000007f6e00000,0x00000007fb680000)
  to   space 83456K, 0% used [0x00000007f1380000,0x00000007f1380000,0x00000007f6500000)
 ParOldGen       total 1197056K, used 228311K [0x0000000780000000, 0x00000007c9100000, 0x00000007d5500000)
  object space 1197056K, 19% used [0x0000000780000000,0x000000078def5f70,0x00000007c9100000)
 PSPermGen       total 524288K, used 524286K [0x0000000760000000, 0x0000000780000000, 0x0000000780000000)
  object space 524288K, 99% used [0x0000000760000000,0x000000077ffff8d8,0x0000000780000000)
}
Event: 10233.631 GC heap before
{Heap before GC invocations=99 (full 5):
 PSYoungGen      total 531456K, used 0K [0x00000007d5500000, 0x00000007fb680000, 0x0000000800000000)
  eden space 457216K, 0% used [0x00000007d5500000,0x00000007d5500000,0x00000007f1380000)
  from space 74240K, 0% used [0x00000007f6e00000,0x00000007f6e00000,0x00000007fb680000)
  to   space 83456K, 0% used [0x00000007f1380000,0x00000007f1380000,0x00000007f6500000)
 ParOldGen       total 1197056K, used 228311K [0x0000000780000000, 0x00000007c9100000, 0x00000007d5500000)
  object space 1197056K, 19% used [0x0000000780000000,0x000000078def5f70,0x00000007c9100000)
 PSPermGen       total 524288K, used 524286K [0x0000000760000000, 0x0000000780000000, 0x0000000780000000)
  object space 524288K, 99% used [0x0000000760000000,0x000000077ffff8d8,0x0000000780000000)
Event: 10235.879 GC heap after
Heap after GC invocations=99 (full 5):
 PSYoungGen      total 531456K, used 0K [0x00000007d5500000, 0x00000007fb680000, 0x0000000800000000)
  eden space 457216K, 0% used [0x00000007d5500000,0x00000007d5500000,0x00000007f1380000)
  from space 74240K, 0% used [0x00000007f6e00000,0x00000007f6e00000,0x00000007fb680000)
  to   space 83456K, 0% used [0x00000007f1380000,0x00000007f1380000,0x00000007f6500000)
 ParOldGen       total 1397760K, used 220975K [0x0000000780000000, 0x00000007d5500000, 0x00000007d5500000)
  object space 1397760K, 15% used [0x0000000780000000,0x000000078d7cbf58,0x00000007d5500000)
 PSPermGen       total 524288K, used 524286K [0x0000000760000000, 0x0000000780000000, 0x0000000780000000)
  object space 524288K, 99% used [0x0000000760000000,0x000000077ffff8d8,0x0000000780000000)
}

