# JRE version: Java(TM) SE Runtime Environment (7.0_71-b14) (build 1.7.0_71-b14)
# Java VM: Java HotSpot(TM) 64-Bit Server VM (24.71-b01 mixed mode windows-amd64 compressed oops)
Heap
 PSYoungGen      total 520192K, used 0K [0x00000007d5d00000, 0x00000007fe680000, 0x0000000800000000)
  eden space 519680K, 0% used [0x00000007d5d00000,0x00000007d5d00000,0x00000007f5880000)
  from space 512K, 0% used [0x00000007f5880000,0x00000007f5880000,0x00000007f5900000)
  to   space 71168K, 0% used [0x00000007fa100000,0x00000007fa100000,0x00000007fe680000)
 ParOldGen       total 1022976K, used 41619K [0x0000000781800000, 0x00000007bff00000, 0x00000007d5d00000)
  object space 1022976K, 4% used [0x0000000781800000,0x00000007840a4f50,0x00000007bff00000)
 PSPermGen       total 83968K, used 83967K [0x000000077c600000, 0x0000000781800000, 0x0000000781800000)
  object space 83968K, 99% used [0x000000077c600000,0x00000007817ffdf0,0x0000000781800000)
GC Heap History (10 events):
Event: 2590.750 GC heap before
{Heap before GC invocations=39 (full 10):
 PSYoungGen      total 598016K, used 0K [0x00000007d5d00000, 0x00000007ff100000, 0x0000000800000000)
  eden space 516608K, 0% used [0x00000007d5d00000,0x00000007d5d00000,0x00000007f5580000)
  from space 81408K, 0% used [0x00000007f5580000,0x00000007f5580000,0x00000007fa500000)
  to   space 77824K, 0% used [0x00000007fa500000,0x00000007fa500000,0x00000007ff100000)
 ParOldGen       total 584704K, used 41871K [0x0000000781800000, 0x00000007a5300000, 0x00000007d5d00000)
  object space 584704K, 7% used [0x0000000781800000,0x00000007840e3c78,0x00000007a5300000)
 PSPermGen       total 83968K, used 83968K [0x000000077c600000, 0x0000000781800000, 0x0000000781800000)
  object space 83968K, 100% used [0x000000077c600000,0x0000000781800000,0x0000000781800000)
Event: 2590.991 GC heap after
Heap after GC invocations=39 (full 10):
 PSYoungGen      total 598016K, used 0K [0x00000007d5d00000, 0x00000007ff100000, 0x0000000800000000)
  eden space 516608K, 0% used [0x00000007d5d00000,0x00000007d5d00000,0x00000007f5580000)
  from space 81408K, 0% used [0x00000007f5580000,0x00000007f5580000,0x00000007fa500000)
  to   space 77824K, 0% used [0x00000007fa500000,0x00000007fa500000,0x00000007ff100000)
 ParOldGen       total 712192K, used 41619K [0x0000000781800000, 0x00000007acf80000, 0x00000007d5d00000)
  object space 712192K, 5% used [0x0000000781800000,0x00000007840a4f08,0x00000007acf80000)
 PSPermGen       total 83968K, used 83950K [0x000000077c600000, 0x0000000781800000, 0x0000000781800000)
  object space 83968K, 99% used [0x000000077c600000,0x00000007817fb8f0,0x0000000781800000)
}
Event: 2590.993 GC heap before
{Heap before GC invocations=40 (full 10):
 PSYoungGen      total 598016K, used 2988K [0x00000007d5d00000, 0x00000007ff100000, 0x0000000800000000)
  eden space 516608K, 0% used [0x00000007d5d00000,0x00000007d5feb398,0x00000007f5580000)
  from space 81408K, 0% used [0x00000007f5580000,0x00000007f5580000,0x00000007fa500000)
  to   space 77824K, 0% used [0x00000007fa500000,0x00000007fa500000,0x00000007ff100000)
 ParOldGen       total 712192K, used 41619K [0x0000000781800000, 0x00000007acf80000, 0x00000007d5d00000)
  object space 712192K, 5% used [0x0000000781800000,0x00000007840a4f08,0x00000007acf80000)
 PSPermGen       total 83968K, used 83967K [0x000000077c600000, 0x0000000781800000, 0x0000000781800000)
  object space 83968K, 99% used [0x000000077c600000,0x00000007817ffdf0,0x0000000781800000)
Event: 2590.997 GC heap after
Heap after GC invocations=40 (full 10):
 PSYoungGen      total 590848K, used 32K [0x00000007d5d00000, 0x00000007fea80000, 0x0000000800000000)
  eden space 519680K, 0% used [0x00000007d5d00000,0x00000007d5d00000,0x00000007f5880000)
  from space 71168K, 0% used [0x00000007fa500000,0x00000007fa508000,0x00000007fea80000)
  to   space 74752K, 0% used [0x00000007f5880000,0x00000007f5880000,0x00000007fa180000)
 ParOldGen       total 712192K, used 41619K [0x0000000781800000, 0x00000007acf80000, 0x00000007d5d00000)
  object space 712192K, 5% used [0x0000000781800000,0x00000007840a4f08,0x00000007acf80000)
 PSPermGen       total 83968K, used 83967K [0x000000077c600000, 0x0000000781800000, 0x0000000781800000)
  object space 83968K, 99% used [0x000000077c600000,0x00000007817ffdf0,0x0000000781800000)
}
Event: 2590.997 GC heap before
{Heap before GC invocations=41 (full 11):
 PSYoungGen      total 590848K, used 32K [0x00000007d5d00000, 0x00000007fea80000, 0x0000000800000000)
  eden space 519680K, 0% used [0x00000007d5d00000,0x00000007d5d00000,0x00000007f5880000)
  from space 71168K, 0% used [0x00000007fa500000,0x00000007fa508000,0x00000007fea80000)
  to   space 74752K, 0% used [0x00000007f5880000,0x00000007f5880000,0x00000007fa180000)
 ParOldGen       total 712192K, used 41619K [0x0000000781800000, 0x00000007acf80000, 0x00000007d5d00000)
  object space 712192K, 5% used [0x0000000781800000,0x00000007840a4f08,0x00000007acf80000)
 PSPermGen       total 83968K, used 83967K [0x000000077c600000, 0x0000000781800000, 0x0000000781800000)
  object space 83968K, 99% used [0x000000077c600000,0x00000007817ffdf0,0x0000000781800000)
Event: 2591.161 GC heap after
Heap after GC invocations=41 (full 11):
 PSYoungGen      total 590848K, used 0K [0x00000007d5d00000, 0x00000007fea80000, 0x0000000800000000)
  eden space 519680K, 0% used [0x00000007d5d00000,0x00000007d5d00000,0x00000007f5880000)
  from space 71168K, 0% used [0x00000007fa500000,0x00000007fa500000,0x00000007fea80000)
  to   space 74752K, 0% used [0x00000007f5880000,0x00000007f5880000,0x00000007fa180000)
 ParOldGen       total 852992K, used 41619K [0x0000000781800000, 0x00000007b5900000, 0x00000007d5d00000)
  object space 852992K, 4% used [0x0000000781800000,0x00000007840a4f50,0x00000007b5900000)
 PSPermGen       total 83968K, used 83967K [0x000000077c600000, 0x0000000781800000, 0x0000000781800000)
  object space 83968K, 99% used [0x000000077c600000,0x00000007817ffdf0,0x0000000781800000)
}
Event: 2591.161 GC heap before
{Heap before GC invocations=42 (full 11):
 PSYoungGen      total 590848K, used 0K [0x00000007d5d00000, 0x00000007fea80000, 0x0000000800000000)
  eden space 519680K, 0% used [0x00000007d5d00000,0x00000007d5d00000,0x00000007f5880000)
  from space 71168K, 0% used [0x00000007fa500000,0x00000007fa500000,0x00000007fea80000)
  to   space 74752K, 0% used [0x00000007f5880000,0x00000007f5880000,0x00000007fa180000)
 ParOldGen       total 852992K, used 41619K [0x0000000781800000, 0x00000007b5900000, 0x00000007d5d00000)
  object space 852992K, 4% used [0x0000000781800000,0x00000007840a4f50,0x00000007b5900000)
 PSPermGen       total 83968K, used 83967K [0x000000077c600000, 0x0000000781800000, 0x0000000781800000)
  object space 83968K, 99% used [0x000000077c600000,0x00000007817ffdf0,0x0000000781800000)
Event: 2591.164 GC heap after
Heap after GC invocations=42 (full 11):
 PSYoungGen      total 520192K, used 0K [0x00000007d5d00000, 0x00000007fe680000, 0x0000000800000000)
  eden space 519680K, 0% used [0x00000007d5d00000,0x00000007d5d00000,0x00000007f5880000)
  from space 512K, 0% used [0x00000007f5880000,0x00000007f5880000,0x00000007f5900000)
  to   space 71168K, 0% used [0x00000007fa100000,0x00000007fa100000,0x00000007fe680000)
 ParOldGen       total 852992K, used 41619K [0x0000000781800000, 0x00000007b5900000, 0x00000007d5d00000)
  object space 852992K, 4% used [0x0000000781800000,0x00000007840a4f50,0x00000007b5900000)
 PSPermGen       total 83968K, used 83967K [0x000000077c600000, 0x0000000781800000, 0x0000000781800000)
  object space 83968K, 99% used [0x000000077c600000,0x00000007817ffdf0,0x0000000781800000)
}
Event: 2591.164 GC heap before
{Heap before GC invocations=43 (full 12):
 PSYoungGen      total 520192K, used 0K [0x00000007d5d00000, 0x00000007fe680000, 0x0000000800000000)
  eden space 519680K, 0% used [0x00000007d5d00000,0x00000007d5d00000,0x00000007f5880000)
  from space 512K, 0% used [0x00000007f5880000,0x00000007f5880000,0x00000007f5900000)
  to   space 71168K, 0% used [0x00000007fa100000,0x00000007fa100000,0x00000007fe680000)
 ParOldGen       total 852992K, used 41619K [0x0000000781800000, 0x00000007b5900000, 0x00000007d5d00000)
  object space 852992K, 4% used [0x0000000781800000,0x00000007840a4f50,0x00000007b5900000)
 PSPermGen       total 83968K, used 83967K [0x000000077c600000, 0x0000000781800000, 0x0000000781800000)
  object space 83968K, 99% used [0x000000077c600000,0x00000007817ffdf0,0x0000000781800000)
Event: 2591.338 GC heap after
Heap after GC invocations=43 (full 12):
 PSYoungGen      total 520192K, used 0K [0x00000007d5d00000, 0x00000007fe680000, 0x0000000800000000)
  eden space 519680K, 0% used [0x00000007d5d00000,0x00000007d5d00000,0x00000007f5880000)
  from space 512K, 0% used [0x00000007f5880000,0x00000007f5880000,0x00000007f5900000)
  to   space 71168K, 0% used [0x00000007fa100000,0x00000007fa100000,0x00000007fe680000)
 ParOldGen       total 1022976K, used 41619K [0x0000000781800000, 0x00000007bff00000, 0x00000007d5d00000)
  object space 1022976K, 4% used [0x0000000781800000,0x00000007840a4f50,0x00000007bff00000)
 PSPermGen       total 83968K, used 83967K [0x000000077c600000, 0x0000000781800000, 0x0000000781800000)
  object space 83968K, 99% used [0x000000077c600000,0x00000007817ffdf0,0x0000000781800000)
}

